step: 498
ts: 2.495
Sigma v: 3.608224830031759e-18
E: 213.86545445375
Sigma E: 462.0833903121465
Ek: 63.816473395642426
Sigma Ek: 41.15877031877746
P_1: 449.36897911067706
P_2: 2041.309476860744
====================
o-0:-11.15031788510557,10.352715323507272
o-1:-9.428261135018305,-9.83686787989676
o-2:-9.020118711212023,-10.791537048872637
o-3:-8.332487478768128,-9.932923010011477
o-4:-6.935841809408523,-11.10962392617617
o-5:-4.903088797209359,-11.02681456653267
o-6:-3.9238591328755623,-10.758151293102218
o-7:-2.6452419898385644,-10.799163622824457
o-8:-1.6151840438103584,-10.638521770834435
o-9:-0.11143846871661724,-10.327386721456369
o-10:1.5991880891804906,-10.420612417848345
o-11:2.8212334311134284,-10.721816672485373
o-12:3.6314066995905536,-9.55113804918177
o-13:3.93733072025061,11.139770831097591
o-14:5.1193151320717964,10.990567261401743
o-15:7.027458442573971,-10.479336670422846
o-16:7.753006131327311,-9.524222044216664
o-17:8.223547462571272,-10.717516917567023
o-18:9.761363297545765,-11.006060856692317
o-19:-11.136291019696996,-10.931842781724585
o-20:-10.549941771458382,-9.956043565002409
o-21:-9.000874804573538,-8.72808913660564
o-22:-7.817824935056289,-8.94088091999862
o-23:-7.313690529972253,-10.096574810757604
o-24:-6.220780047658131,-10.195668852793764
o-25:-5.135544719494507,-8.929031632186282
o-26:-4.737726514581547,-9.854936492416638
o-27:-3.2327490933079,-9.907215570559872
o-28:-0.9338931653889584,-9.652512931221317
o-29:0.16738575647843068,-9.126469342189033
o-30:1.1673128107960007,-9.474065550424353
o-31:2.3211583538461604,-9.375569730691394
o-32:3.0903913163946464,-8.723132968262101
o-33:4.593666153685433,-10.34433377875987
o-34:5.7595529785217945,-9.888057605455009
o-35:6.630359485136695,-8.789967492269474
o-36:8.563775753963935,-8.706548418032458
o-37:8.909299159035873,-9.737439686162544
o-38:10.134807068844893,-9.855144445292808
o-39:10.865652203015806,-9.023175780752647
o-40:-10.270340506408361,-8.790946049000157
o-41:-9.743188531245712,-7.600344972415477
o-42:-7.482841440673184,-7.793852187015062
o-43:-6.546958919107159,-8.065106013319896
o-44:-6.182725003481797,-9.138798702247584
o-45:-5.437285884680175,-7.70998729929308
o-46:-3.840251051390874,-9.089952174075949
o-47:-3.01885954878222,-8.441696034499866
o-48:-1.9307266532642273,-9.164270112437288
o-49:-1.1019213658793228,-8.422263435113045
o-50:0.028670827071113167,-8.001807437564851
o-51:1.260318483701176,-8.442327983830996
o-52:2.3257241517007783,-8.0169705031941
o-53:3.8740713778187987,-7.6189127389928135
o-54:4.626377089688877,-9.077184308481485
o-55:7.542538356536744,-8.373804399367039
o-56:8.88952199539986,-7.6434692412037935
o-57:9.642839628793949,-8.629134468675899
o-58:10.393652875975185,-7.9679869148980655
o-59:-10.94152751952749,-7.960914594102599
o-60:-10.250409854146758,-6.657758804606045
o-61:-9.180531845138162,-6.433023088688873
o-62:-8.769259078469089,-7.741470214284242
o-63:-6.7310421703830885,-6.996789628971129
o-64:-5.813286455692588,-6.483764606674491
o-65:-4.643079022789068,-6.860863825870288
o-66:-4.081260322930615,-8.077790727963121
o-67:-3.1917373066132297,-7.392253935801695
o-68:-1.8040804567077087,-7.597216080584911
o-69:-0.8849362213316601,-7.149370944152455
o-70:0.8461340441518223,-7.355166559867746
o-71:1.8464758205375296,-7.037016809026021
o-72:2.9094296584726185,-7.107679644027444
o-73:4.964905597632444,-7.525936229535184
o-74:5.636883829409215,-8.351843161254049
o-75:6.711985244069974,-7.6572050754887675
o-76:7.7367877821812225,-7.322882940968487
o-77:8.436796039040853,-6.567687431626651
o-78:9.83623528552835,-7.047015435178741
o-79:11.066726063396327,-6.804114655638754
o-80:-9.586452075422347,-5.347232882779446
o-81:-8.095380501424302,-5.768748900042351
o-82:-8.018582805585485,-6.906792295699574
o-83:-7.495008453335002,-4.823674527567798
o-84:-6.911706944729134,-5.858602307058921
o-85:-4.8802538616754045,-5.770033092945558
o-86:-3.802176124405397,-6.194608751757653
o-87:-2.632357534047013,-6.561983987243873
o-88:-1.6133077949911065,-6.446585748369257
o-89:-0.7162595057613056,-5.71246257423329
o-90:0.019839679085413092,-6.532814489171124
o-91:1.0264887100671438,-6.337734969733454
o-92:3.2993556961769746,-5.937965029606532
o-93:4.2242377944130745,-6.668665976946117
o-94:5.888951753826321,-7.002133907725217
o-95:7.040479873046823,-6.543503087159938
o-96:7.809426698157337,-5.799037373801048
o-97:9.057869642328207,-5.79547462664652
o-98:10.041502968106508,-6.063876381386622
o-99:-10.811674753540023,-5.7118261811329045
o-100:-10.765670873069036,-4.578607338915045
o-101:-9.61793457435994,-4.099720003543583
o-102:-8.714963581047318,-4.742220094099329
o-103:-6.575050324827259,-4.287974133663769
o-104:-6.102965966950678,-5.201093910482934
o-105:-4.555263669845001,-4.437063700982571
o-106:-3.868294281125232,-5.177447031950231
o-107:-2.850290390302193,-5.526106415018768
o-108:-1.7448687965789718,-5.189300382534749
o-109:-0.6111320812331149,-4.462494495412046
o-110:0.25846119351534674,-5.0929757467621455
o-111:1.5568684482002422,-4.840054835687623
o-112:2.0779304409179447,-5.974762108501178
o-113:4.4155356448628735,-5.494845728852995
o-114:5.427986951193154,-5.970610534698218
o-115:5.300656024097508,-4.883503255048343
o-116:6.49872123711095,-5.560207683789174
o-117:8.550087850450968,-4.753481386294576
o-118:9.614478069134043,-4.866606039259185
o-119:10.595585611389065,-4.7813807792832
o-120:10.647075973834998,-3.7426962364971796
o-121:-10.687330282718053,-3.5212959589294925
o-122:-8.699563966166409,-3.4020949936069016
o-123:-7.675505704667567,-3.719709314460983
o-124:-5.470638638222892,-4.040871817077516
o-125:-4.50339546411391,-3.3129643431399076
o-126:-3.3375494509692647,-3.7560954211823985
o-127:-2.569890605786381,-4.541143770553721
o-128:-1.691328679915631,-3.982095154069865
o-129:-0.7388213983129658,-3.2043777293002953
o-130:0.2799874746971713,-3.4283209884342276
o-131:1.2137884273692021,-3.745206137214708
o-132:2.2320256803054788,-3.828617217685984
o-133:2.8459449068509923,-4.968269030659009
o-134:4.290243732346573,-4.329705061890131
o-135:5.424246416410323,-3.6589642400613918
o-136:6.487343739197176,-4.412295830049473
o-137:7.537155691843021,-4.087277239272296
o-138:8.546402088642187,-3.680059739162129
o-139:9.538463419137514,-3.6581070762188865
o-140:11.155918080808245,-2.613914630262964
o-141:-8.739079634163598,-2.337791724740529
o-142:-7.698886407447259,-2.6158396253413874
o-143:-6.76254255822743,-3.215944990174922
o-144:-5.637731978988903,-3.00713637287425
o-145:-4.698691769053743,-2.18779405819627
o-146:-3.5091038171560744,-2.686290626090001
o-147:-2.4161671114349734,-3.041928878790919
o-148:-1.3601607986081148,-2.371725650782933
o-149:-0.015109022415822078,-2.4806146186996036
o-150:1.0390010272858083,-2.687453566759445
o-151:2.086310408972041,-2.6411228737721104
o-152:3.180355466732456,-2.86944950442362
o-153:3.292184511692694,-3.940368282930701
o-154:4.5350077266907105,-3.1782341944842334
o-155:5.821641361387483,-2.5996738806065047
o-156:6.734869421751896,-3.318192954968314
o-157:7.750729992482613,-3.0404107401750426
o-158:9.045642571847154,-2.706442937164619
o-159:10.145468763820595,-2.471027821578143
o-160:-9.842749293766358,-2.809277038419011
o-161:-9.980490237005135,-1.7236444893069531
o-162:-8.26536198310312,-1.2317394672448245
o-163:-6.802071774968235,-2.008566813107913
o-164:-5.674433223653144,-1.875898258106559
o-165:-4.850323001418516,-1.0204568917811032
o-166:-3.8087868880293603,-1.6639039912404539
o-167:-2.721563174419175,-1.8183439205959366
o-168:-0.5293849487462383,-1.5364563505429043
o-169:-0.08140113948440802,-0.5024875301527558
o-170:0.481974582793099,-1.4796416892061421
o-171:1.5944451233360617,-1.5435842801191915
o-172:2.718326791769495,-1.6027614645343704
o-173:3.9899356458835546,-2.0272360774169873
o-174:5.073556988269465,-1.5981146895650744
o-175:6.190039684516809,-1.5663057937318319
o-176:6.841947574337697,-2.2893918460295364
o-177:7.163611495351783,-1.1876042756271308
o-178:8.06911794044555,-2.022690070687162
o-179:9.038443562727439,-1.5189084880348636
o-180:10.180846319544578,-1.3901691634550395
o-181:-10.989313315149744,-1.5550877713037532
o-182:-9.097154357854146,-0.4278451761071392
o-183:-7.185487113801056,-0.9650324885967765
o-184:-5.909688560330965,-0.775075297553273
o-185:-5.020411954788478,0.07006050413733061
o-186:-3.8367974347708214,-0.5529084516168032
o-187:-2.6221959495304166,-0.7419355627812716
o-188:-1.7011149393373088,-1.3671679904757164
o-189:-1.0296255596328043,-0.6094471474566786
o-190:0.7407984293580662,0.24448862231995866
o-191:1.51742728263262,-0.4575966083394398
o-192:2.6152610034046164,-0.5801171775913889
o-193:3.827576316993099,-0.5296550755316735
o-194:4.490181260301291,0.35840532237993145
o-195:5.253120507676588,-0.4851991359929912
o-196:6.477908636704532,-0.3440621777010102
o-197:7.62418205436797,0.41485533122607465
o-198:8.265901925278436,-0.6570941239863535
o-199:9.946116307674036,-0.29054324548309424
o-200:11.128305031843574,-0.36119875796432444
o-201:-10.162769102788797,-0.3939220169591247
o-202:-9.231514937716472,0.8054282208856226
o-203:-8.080579970016991,-0.10223016200071973
o-204:-6.187519462319838,0.1766599208452605
o-205:-4.046311855315664,0.6196859512835862
o-206:-2.75277513976504,0.5623809428226313
o-207:-1.8820986624863638,0.025797133698217557
o-208:-1.6767386135989912,1.028429379509352
o-209:-0.6008565492819998,0.5368920435748182
o-210:0.24728846426389894,1.1765194443850362
o-211:1.4427799940884438,1.11526508656606
o-212:2.364880041366635,0.5184101476343667
o-213:3.4665007130373082,0.5780583049219059
o-214:4.977966343654893,1.3866368225956283
o-215:5.806784795276451,0.6677820735194607
o-216:6.772141706106177,1.1311249850497511
o-217:8.429081739273537,1.372825689526853
o-218:9.11833698676113,0.4861360424759542
o-219:10.484314958844482,0.7595356686375114
o-220:-10.397290615085197,0.6246029431466404
o-221:-8.854567301514603,1.7968959904221307
o-222:-8.125121352974345,0.9491444392951259
o-223:-7.057909220635828,0.7748629574409133
o-224:-5.764415435082818,1.0848097980245688
o-225:-4.780117533934883,1.3246949886802044
o-226:-3.517565042160486,1.4816718407213507
o-227:-2.403011567299264,1.7462437752686844
o-228:-1.5587521661045878,2.415299138165
o-229:-0.6590731530788868,1.9128743423784869
o-230:0.5467619184879017,2.269362364997044
o-231:1.5609450496205952,2.0878837084378743
o-232:2.4755770578255762,1.5786294479842906
o-233:3.6712676665305084,1.7745493220253785
o-234:4.88571513737795,2.5059095269279967
o-235:6.076164528390861,2.0312725510550598
o-236:7.234258281952267,2.3915402276705904
o-237:8.262629487789052,2.541027522179452
o-238:9.516297327914712,1.5548341291205867
o-239:-10.794795463926599,1.5676844490967015
o-240:-9.827253200701142,2.2118007228330505
o-241:-8.37671827936381,2.664092590173234
o-242:-7.651584505792564,3.5952835734032402
o-243:-7.651794373352798,1.921844682273286
o-244:-5.916164299499305,2.171503263535941
o-245:-5.85061543957482,3.1660604960115104
o-246:-4.719480194712421,2.4251452017035975
o-247:-3.1539043733611605,2.5072476329775832
o-248:-2.2683406709784975,3.4140192520557715
o-249:-1.0049441238473342,3.4466881798267806
m-250:-0.02193542780429949,3.1403212147407022
m-251:1.0409338724149908,3.1516176032193473
o-252:2.262509027740309,2.950280445383137
o-253:3.369414649429478,2.8017444488603753
o-254:4.198315796738528,3.573211640649395
o-255:5.390369107030135,3.4820668434853523
o-256:6.471745912592584,3.1311504685708558
o-257:9.247905779955683,2.645229076485471
o-258:10.353390826470001,2.2581166568161737
o-259:-10.883533534824114,2.715495945703839
o-260:-10.022211213531062,3.2686641274236017
o-261:-9.638608830654015,4.8010930034196395
o-262:-8.885285719408072,3.567429081002905
o-263:-6.553877124160618,4.072007570455968
o-264:-6.905769184986229,2.740779326078321
o-265:-4.733914241709323,3.4989186975560322
o-266:-3.636455311362016,3.377504937650205
o-267:-2.9753360544782312,4.184522630299868
o-268:-1.9092815452419556,4.425842971330977
o-269:-0.5727329998890699,4.438280545214359
o-270:0.532631234143948,4.08184729640381
o-271:1.6895391148398555,3.985972537362751
o-272:2.794273874568341,4.973736320864721
o-273:3.015641543462397,3.855120300449564
o-274:4.894689035885236,4.461683206006456
o-275:6.062590324286901,4.2321531128266185
o-276:7.59641171423948,3.51018512547646
o-277:8.756670167360742,3.7671453514472946
o-278:10.418014376303457,3.335388321801562
o-279:-10.985988302553771,3.8066534104325367
o-280:-10.62460853123966,5.17072659135805
o-281:-8.623296554279282,5.448157711237167
o-282:-7.906500598841729,4.654651007643174
o-283:-7.005444449481884,5.170151557487653
o-284:-5.351068190241796,4.321290874877476
o-285:-4.675479460749128,5.035953769159467
o-286:-4.005977729336704,4.278732968429892
o-287:-3.4070097234825,5.242859717535565
o-288:-2.380935026698507,5.413209696822722
o-289:-1.0900133979134365,5.356341651424132
o-290:0.3026576624503636,5.351866252208204
o-291:1.232214115439419,4.909709844371017
o-292:1.9010610298262562,5.716582451095766
o-293:3.8383898961430183,4.7622415770166
o-294:4.567372354762391,5.60734173503249
o-295:5.629830020183949,5.206483188716666
o-296:6.709935356088543,5.144887275771621
o-297:7.566377591254894,4.480807731660087
o-298:9.761929823279726,4.1521263100767465
o-299:10.68027834548683,4.834957604838407
o-300:-9.760635402877483,5.80714392426787
o-301:-8.731271091097208,6.751086582882968
o-302:-7.783831662796614,6.226381396927621
o-303:-6.445287353402599,6.162614745177621
o-304:-5.998669127091404,5.250350716380584
o-305:-5.3887136277562036,6.133949493745477
o-306:-3.89809307772147,6.235497970102938
o-307:-2.87850647678708,6.322470828666014
o-308:-1.7515170657850458,6.274569075175775
o-309:-0.7248344975984014,7.578492631171863
o-310:-0.5634205156892609,6.338194408175748
o-311:0.9045879181496843,6.245966934419774
o-312:2.164629384973525,6.740924131929405
o-313:3.1711295973264417,6.027466396898407
o-314:5.685656033004797,6.263952358219625
o-315:6.831362246427638,6.186059193837636
o-316:7.817005822191331,5.4829957506511136
o-317:8.70061400211696,4.941317498634038
o-318:9.688242740126086,5.242963136902624
o-319:10.664665309938256,5.887327302232725
o-320:-10.701484149752503,6.20905113417462
o-321:-9.909922319735061,6.843211664421109
o-322:-8.766332431947628,7.825123747431379
o-323:-6.879808533111189,7.137427341945898
o-324:-5.815708852362192,7.123112432570923
o-325:-5.409249100918102,8.156233357635555
o-326:-4.74812069170185,7.17566627734045
o-327:-3.437405840534064,7.19459224526802
o-328:-2.337142179270774,7.329586612173798
o-329:-1.8101894072394455,8.361817474911101
o-330:0.18920388036844513,7.063395709215835
o-331:1.3774572473300397,7.563889479069905
o-332:3.072453710732768,7.305054041518849
o-333:4.053511575898064,6.626275795121701
o-334:5.00951511807624,7.061743494381714
o-335:6.013478218547452,7.351808082114765
o-336:7.763791359190218,6.647405386761606
o-337:8.809128677556341,6.039924333069727
o-338:9.84665437267471,6.492743382275173
o-339:10.815289538043004,6.934441385831516
o-340:-10.374460907861414,7.76697914151848
o-341:-9.53752979402793,8.52480148660609
o-342:-8.695122951665628,9.274983215196693
o-343:-7.64871651481691,7.933040759427657
o-344:-6.613478919314104,8.095523258568512
o-345:-6.099243592062548,8.999214589229657
o-346:-4.026126619424298,8.116230297239444
o-347:-2.8776110954834797,8.5191397912949
o-348:-1.2686777828519067,9.551101522640852
o-349:-0.7880677594309965,8.61513225426625
o-350:0.20807815179128764,8.057593509976869
o-351:2.3584063245784836,8.265378334126584
o-352:3.471991662976847,8.438556364547626
o-353:4.287527297351667,7.777919509962993
o-354:5.405793881619288,8.310440064687889
o-355:6.4618057023436695,8.365539602071289
o-356:7.180819160174406,7.6459387760659085
o-357:8.240621599716258,7.861617093890483
o-358:8.958785825115287,7.0292124143041255
o-359:9.628082047914052,8.69467268943773
o-360:-10.553799025626033,9.058324473801893
o-361:-10.095898584892296,10.000017733649688
o-362:-8.99310430870419,10.533705310122174
o-363:-8.005576953083171,9.968048501676023
o-364:-7.241966231223971,9.046288272335014
o-365:-5.571376974641204,9.966220467423748
o-366:-4.727785828083655,9.228570077673385
o-367:-3.7113710828820077,9.233216891212948
o-368:-2.443251176682442,9.651008074975163
o-369:-0.19807518205605287,10.021803774261064
o-370:0.22094032355733767,9.028934975974975
o-371:1.2882672706180667,8.842435412918068
o-372:2.6125990776040333,9.461509008138364
o-373:4.5363394925833225,8.776358565662822
o-374:5.890168341251394,9.430840698333652
o-375:6.981886845615952,10.003636825888798
o-376:7.438096375047537,8.879559385343514
o-377:8.62252146570245,8.81850416777695
o-378:9.320478855074832,9.707255528898921
o-379:10.874347117702914,7.984802686552695
o-380:10.652343349966864,9.079501812308019
o-381:-10.111505849266319,-10.908343218612886
o-382:-7.924765920008447,-11.038202639879628
o-383:-6.870496478474631,10.171291611389467
o-384:-5.936932435708935,11.139397714752377
o-385:-4.226043208638994,10.549920789512703
o-386:-3.2456862297864983,10.440525913985985
o-387:-2.1674824870722773,10.599160395119169
o-388:-0.5711670051451986,11.0081063685918
o-389:0.6723411007973445,10.849561540997689
o-390:1.3562924085616501,9.966998955702133
o-391:1.8657668321277172,10.896150095819332
o-392:2.8920362655396263,10.6607394769837
o-393:3.7505262073535746,9.622894248813319
o-394:4.970701352072783,10.002886879337737
o-395:6.34512515440377,10.876932615283277
o-396:7.530694098622172,10.858708228794175
o-397:8.177845064135896,9.85704634888079
o-398:8.715166779441292,10.75977794855904
o-399:10.239345365017867,10.336202695366637
====================